# JRE version: OpenJDK Runtime Environment Temurin-17.0.7+7 (17.0.7+7) (build 17.0.7+7)
# Java VM: OpenJDK 64-Bit Server VM Temurin-17.0.7+7 (17.0.7+7, mixed mode, sharing, tiered, compressed oops, compressed class ptrs, g1 gc, windows-amd64)
GC Precious Log:
 CPUs: 12 total, 12 available
 Memory: 11959M
 Large Page Support: Disabled
 NUMA Support: Disabled
 Compressed Oops: Enabled (Zero based)
 Heap Region Size: 2M
 Heap Min Capacity: 512M
 Heap Initial Capacity: 512M
 Heap Max Capacity: 4072M
 Pre-touch: Disabled
 Parallel Workers: 10
 Concurrent Workers: 3
 Concurrent Refinement Workers: 10
 Periodic GC: Disabled
 String Deduplication is enabled
Heap:
 garbage-first heap   total 532480K, used 225324K [0x0000000701800000, 0x0000000800000000)
  region size 2048K, 12 young (24576K), 2 survivors (4096K)
 Metaspace       used 104901K, committed 105408K, reserved 1179648K
  class space    used 15406K, committed 15680K, reserved 1048576K
GC Heap History (20 events):
Event: 16680.261 GC heap before
{Heap before GC invocations=350 (full 16):
 garbage-first heap   total 532480K, used 229903K [0x0000000701800000, 0x0000000800000000)
  region size 2048K, 40 young (81920K), 2 survivors (4096K)
 Metaspace       used 104816K, committed 105408K, reserved 1179648K
  class space    used 15391K, committed 15680K, reserved 1048576K
}
Event: 16680.353 GC heap after
{Heap after GC invocations=351 (full 16):
 garbage-first heap   total 532480K, used 175934K [0x0000000701800000, 0x0000000800000000)
  region size 2048K, 5 young (10240K), 5 survivors (10240K)
 Metaspace       used 104816K, committed 105408K, reserved 1179648K
  class space    used 15391K, committed 15680K, reserved 1048576K
}
Event: 16680.953 GC heap before
{Heap before GC invocations=351 (full 16):
 garbage-first heap   total 532480K, used 247614K [0x0000000701800000, 0x0000000800000000)
  region size 2048K, 40 young (81920K), 5 survivors (10240K)
 Metaspace       used 104818K, committed 105408K, reserved 1179648K
  class space    used 15391K, committed 15680K, reserved 1048576K
}
Event: 16681.099 GC heap after
{Heap after GC invocations=352 (full 16):
 garbage-first heap   total 532480K, used 211892K [0x0000000701800000, 0x0000000800000000)
  region size 2048K, 5 young (10240K), 5 survivors (10240K)
 Metaspace       used 104818K, committed 105408K, reserved 1179648K
  class space    used 15391K, committed 15680K, reserved 1048576K
}
Event: 16693.391 GC heap before
{Heap before GC invocations=352 (full 16):
 garbage-first heap   total 532480K, used 283572K [0x0000000701800000, 0x0000000800000000)
  region size 2048K, 40 young (81920K), 5 survivors (10240K)
 Metaspace       used 104825K, committed 105408K, reserved 1179648K
  class space    used 15391K, committed 15680K, reserved 1048576K
}
Event: 16693.398 GC heap after
{Heap after GC invocations=353 (full 16):
 garbage-first heap   total 532480K, used 207128K [0x0000000701800000, 0x0000000800000000)
  region size 2048K, 2 young (4096K), 2 survivors (4096K)
 Metaspace       used 104825K, committed 105408K, reserved 1179648K
  class space    used 15391K, committed 15680K, reserved 1048576K
}
Event: 16695.924 GC heap before
{Heap before GC invocations=353 (full 16):
 garbage-first heap   total 532480K, used 284952K [0x0000000701800000, 0x0000000800000000)
  region size 2048K, 40 young (81920K), 2 survivors (4096K)
 Metaspace       used 104826K, committed 105408K, reserved 1179648K
  class space    used 15391K, committed 15680K, reserved 1048576K
}
Event: 16695.927 GC heap after
{Heap after GC invocations=354 (full 16):
 garbage-first heap   total 532480K, used 206005K [0x0000000701800000, 0x0000000800000000)
  region size 2048K, 1 young (2048K), 1 survivors (2048K)
 Metaspace       used 104826K, committed 105408K, reserved 1179648K
  class space    used 15391K, committed 15680K, reserved 1048576K
}
Event: 16699.351 GC heap before
{Heap before GC invocations=354 (full 16):
 garbage-first heap   total 532480K, used 285877K [0x0000000701800000, 0x0000000800000000)
  region size 2048K, 40 young (81920K), 1 survivors (2048K)
 Metaspace       used 104826K, committed 105408K, reserved 1179648K
  class space    used 15391K, committed 15680K, reserved 1048576K
}
Event: 16699.354 GC heap after
{Heap after GC invocations=355 (full 16):
 garbage-first heap   total 532480K, used 206156K [0x0000000701800000, 0x0000000800000000)
  region size 2048K, 1 young (2048K), 1 survivors (2048K)
 Metaspace       used 104826K, committed 105408K, reserved 1179648K
  class space    used 15391K, committed 15680K, reserved 1048576K
}
Event: 16702.359 GC heap before
{Heap before GC invocations=355 (full 16):
 garbage-first heap   total 532480K, used 286028K [0x0000000701800000, 0x0000000800000000)
  region size 2048K, 40 young (81920K), 1 survivors (2048K)
 Metaspace       used 104832K, committed 105408K, reserved 1179648K
  class space    used 15391K, committed 15680K, reserved 1048576K
}
Event: 16702.364 GC heap after
{Heap after GC invocations=356 (full 16):
 garbage-first heap   total 532480K, used 206813K [0x0000000701800000, 0x0000000800000000)
  region size 2048K, 2 young (4096K), 2 survivors (4096K)
 Metaspace       used 104832K, committed 105408K, reserved 1179648K
  class space    used 15391K, committed 15680K, reserved 1048576K
}
Event: 16708.357 GC heap before
{Heap before GC invocations=356 (full 16):
 garbage-first heap   total 532480K, used 284637K [0x0000000701800000, 0x0000000800000000)
  region size 2048K, 40 young (81920K), 2 survivors (4096K)
 Metaspace       used 104885K, committed 105408K, reserved 1179648K
  class space    used 15405K, committed 15680K, reserved 1048576K
}
Event: 16708.360 GC heap after
{Heap after GC invocations=357 (full 16):
 garbage-first heap   total 532480K, used 206691K [0x0000000701800000, 0x0000000800000000)
  region size 2048K, 2 young (4096K), 2 survivors (4096K)
 Metaspace       used 104885K, committed 105408K, reserved 1179648K
  class space    used 15405K, committed 15680K, reserved 1048576K
}
Event: 16725.750 GC heap before
{Heap before GC invocations=357 (full 16):
 garbage-first heap   total 532480K, used 284515K [0x0000000701800000, 0x0000000800000000)
  region size 2048K, 40 young (81920K), 2 survivors (4096K)
 Metaspace       used 104888K, committed 105408K, reserved 1179648K
  class space    used 15406K, committed 15680K, reserved 1048576K
}
Event: 16725.753 GC heap after
{Heap after GC invocations=358 (full 16):
 garbage-first heap   total 532480K, used 206879K [0x0000000701800000, 0x0000000800000000)
  region size 2048K, 2 young (4096K), 2 survivors (4096K)
 Metaspace       used 104888K, committed 105408K, reserved 1179648K
  class space    used 15406K, committed 15680K, reserved 1048576K
}
Event: 16729.365 GC heap before
{Heap before GC invocations=358 (full 16):
 garbage-first heap   total 532480K, used 284703K [0x0000000701800000, 0x0000000800000000)
  region size 2048K, 40 young (81920K), 2 survivors (4096K)
 Metaspace       used 104891K, committed 105408K, reserved 1179648K
  class space    used 15406K, committed 15680K, reserved 1048576K
}
Event: 16729.370 GC heap after
{Heap after GC invocations=359 (full 16):
 garbage-first heap   total 532480K, used 207348K [0x0000000701800000, 0x0000000800000000)
  region size 2048K, 2 young (4096K), 2 survivors (4096K)
 Metaspace       used 104891K, committed 105408K, reserved 1179648K
  class space    used 15406K, committed 15680K, reserved 1048576K
}
Event: 16738.397 GC heap before
{Heap before GC invocations=359 (full 16):
 garbage-first heap   total 532480K, used 285172K [0x0000000701800000, 0x0000000800000000)
  region size 2048K, 40 young (81920K), 2 survivors (4096K)
 Metaspace       used 104900K, committed 105408K, reserved 1179648K
  class space    used 15406K, committed 15680K, reserved 1048576K
}
Event: 16738.400 GC heap after
{Heap after GC invocations=360 (full 16):
 garbage-first heap   total 532480K, used 206892K [0x0000000701800000, 0x0000000800000000)
  region size 2048K, 2 young (4096K), 2 survivors (4096K)
 Metaspace       used 104900K, committed 105408K, reserved 1179648K
  class space    used 15406K, committed 15680K, reserved 1048576K
}

